# JRE version: Java(TM) SE Runtime Environment (17.0.6+9) (build 17.0.6+9-LTS-190)
# Java VM: Java HotSpot(TM) 64-Bit Server VM (17.0.6+9-LTS-190, mixed mode, sharing, tiered, compressed oops, compressed class ptrs, g1 gc, windows-amd64)
GC Precious Log:
 CPUs: 8 total, 8 available
 Memory: 16108M
 Large Page Support: Disabled
 NUMA Support: Disabled
 Compressed Oops: Enabled (32-bit)
 Heap Region Size: 1M
 Heap Min Capacity: 256M
 Heap Initial Capacity: 256M
 Heap Max Capacity: 512M
 Pre-touch: Disabled
 Parallel Workers: 8
 Concurrent Workers: 2
 Concurrent Refinement Workers: 8
 Periodic GC: Disabled
Heap:
 garbage-first heap   total 262144K, used 119974K [0x00000000e0000000, 0x0000000100000000)
  region size 1024K, 79 young (80896K), 10 survivors (10240K)
 Metaspace       used 54392K, committed 54976K, reserved 364544K
  class space    used 7565K, committed 7872K, reserved 315392K
GC Heap History (18 events):
Event: 0.445 GC heap before
{Heap before GC invocations=0 (full 0):
 garbage-first heap   total 262144K, used 26624K [0x00000000e0000000, 0x0000000100000000)
  region size 1024K, 23 young (23552K), 0 survivors (0K)
 Metaspace       used 3044K, committed 3200K, reserved 323584K
  class space    used 389K, committed 448K, reserved 315392K
}
Event: 0.447 GC heap after
{Heap after GC invocations=1 (full 0):
 garbage-first heap   total 262144K, used 11041K [0x00000000e0000000, 0x0000000100000000)
  region size 1024K, 3 young (3072K), 3 survivors (3072K)
 Metaspace       used 3044K, committed 3200K, reserved 323584K
  class space    used 389K, committed 448K, reserved 315392K
}
Event: 0.735 GC heap before
{Heap before GC invocations=1 (full 0):
 garbage-first heap   total 262144K, used 38689K [0x00000000e0000000, 0x0000000100000000)
  region size 1024K, 30 young (30720K), 3 survivors (3072K)
 Metaspace       used 4060K, committed 4224K, reserved 323584K
  class space    used 494K, committed 576K, reserved 315392K
}
Event: 0.737 GC heap after
{Heap after GC invocations=2 (full 0):
 garbage-first heap   total 262144K, used 12566K [0x00000000e0000000, 0x0000000100000000)
  region size 1024K, 2 young (2048K), 2 survivors (2048K)
 Metaspace       used 4060K, committed 4224K, reserved 323584K
  class space    used 494K, committed 576K, reserved 315392K
}
Event: 2.515 GC heap before
{Heap before GC invocations=2 (full 0):
 garbage-first heap   total 262144K, used 128278K [0x00000000e0000000, 0x0000000100000000)
  region size 1024K, 115 young (117760K), 2 survivors (2048K)
 Metaspace       used 21232K, committed 21504K, reserved 339968K
  class space    used 3145K, committed 3264K, reserved 315392K
}
Event: 2.520 GC heap after
{Heap after GC invocations=3 (full 0):
 garbage-first heap   total 262144K, used 22072K [0x00000000e0000000, 0x0000000100000000)
  region size 1024K, 12 young (12288K), 12 survivors (12288K)
 Metaspace       used 21232K, committed 21504K, reserved 339968K
  class space    used 3145K, committed 3264K, reserved 315392K
}
Event: 4.037 GC heap before
{Heap before GC invocations=4 (full 0):
 garbage-first heap   total 262144K, used 137784K [0x00000000e0000000, 0x0000000100000000)
  region size 1024K, 122 young (124928K), 12 survivors (12288K)
 Metaspace       used 35589K, committed 35968K, reserved 348160K
  class space    used 4927K, committed 5120K, reserved 315392K
}
Event: 4.046 GC heap after
{Heap after GC invocations=5 (full 0):
 garbage-first heap   total 262144K, used 31327K [0x00000000e0000000, 0x0000000100000000)
  region size 1024K, 10 young (10240K), 10 survivors (10240K)
 Metaspace       used 35589K, committed 35968K, reserved 348160K
  class space    used 4927K, committed 5120K, reserved 315392K
}
Event: 4.090 GC heap before
{Heap before GC invocations=5 (full 0):
 garbage-first heap   total 262144K, used 33375K [0x00000000e0000000, 0x0000000100000000)
  region size 1024K, 12 young (12288K), 10 survivors (10240K)
 Metaspace       used 35749K, committed 36160K, reserved 348160K
  class space    used 4958K, committed 5120K, reserved 315392K
}
Event: 4.094 GC heap after
{Heap after GC invocations=6 (full 0):
 garbage-first heap   total 262144K, used 31620K [0x00000000e0000000, 0x0000000100000000)
  region size 1024K, 2 young (2048K), 2 survivors (2048K)
 Metaspace       used 35749K, committed 36160K, reserved 348160K
  class space    used 4958K, committed 5120K, reserved 315392K
}
Event: 4.127 GC heap before
{Heap before GC invocations=6 (full 0):
 garbage-first heap   total 262144K, used 33668K [0x00000000e0000000, 0x0000000100000000)
  region size 1024K, 5 young (5120K), 2 survivors (2048K)
 Metaspace       used 35934K, committed 36288K, reserved 348160K
  class space    used 4973K, committed 5120K, reserved 315392K
}
Event: 4.128 GC heap after
{Heap after GC invocations=7 (full 0):
 garbage-first heap   total 262144K, used 31222K [0x00000000e0000000, 0x0000000100000000)
  region size 1024K, 1 young (1024K), 1 survivors (1024K)
 Metaspace       used 35934K, committed 36288K, reserved 348160K
  class space    used 4973K, committed 5120K, reserved 315392K
}
Event: 5.741 GC heap before
{Heap before GC invocations=8 (full 0):
 garbage-first heap   total 262144K, used 164342K [0x00000000e0000000, 0x0000000100000000)
  region size 1024K, 129 young (132096K), 1 survivors (1024K)
 Metaspace       used 46711K, committed 47232K, reserved 356352K
  class space    used 6542K, committed 6784K, reserved 315392K
}
Event: 5.748 GC heap after
{Heap after GC invocations=9 (full 0):
 garbage-first heap   total 262144K, used 40499K [0x00000000e0000000, 0x0000000100000000)
  region size 1024K, 10 young (10240K), 10 survivors (10240K)
 Metaspace       used 46711K, committed 47232K, reserved 356352K
  class space    used 6542K, committed 6784K, reserved 315392K
}
Event: 5.769 GC heap before
{Heap before GC invocations=9 (full 0):
 garbage-first heap   total 262144K, used 42547K [0x00000000e0000000, 0x0000000100000000)
  region size 1024K, 12 young (12288K), 10 survivors (10240K)
 Metaspace       used 46733K, committed 47232K, reserved 356352K
  class space    used 6545K, committed 6784K, reserved 315392K
}
Event: 5.776 GC heap after
{Heap after GC invocations=10 (full 0):
 garbage-first heap   total 262144K, used 41671K [0x00000000e0000000, 0x0000000100000000)
  region size 1024K, 2 young (2048K), 2 survivors (2048K)
 Metaspace       used 46733K, committed 47232K, reserved 356352K
  class space    used 6545K, committed 6784K, reserved 315392K
}
Event: 7.433 GC heap before
{Heap before GC invocations=10 (full 0):
 garbage-first heap   total 262144K, used 184007K [0x00000000e0000000, 0x0000000100000000)
  region size 1024K, 142 young (145408K), 2 survivors (2048K)
 Metaspace       used 52687K, committed 53248K, reserved 364544K
  class space    used 7368K, committed 7616K, reserved 315392K
}
Event: 7.441 GC heap after
{Heap after GC invocations=11 (full 0):
 garbage-first heap   total 262144K, used 50342K [0x00000000e0000000, 0x0000000100000000)
  region size 1024K, 10 young (10240K), 10 survivors (10240K)
 Metaspace       used 52687K, committed 53248K, reserved 364544K
  class space    used 7368K, committed 7616K, reserved 315392K
}

